2019-06-28 00:31:01.695  INFO 24104 --- [restartedMain] com.tsien.mall.Application               : Starting Application on Tsien with PID 24104 (D:\Code\Java\TsienMall\target\classes started by tsien in D:\Code\Java\TsienMall)
2019-06-28 00:31:01.706 DEBUG 24104 --- [restartedMain] com.tsien.mall.Application               : Running with Spring Boot v2.1.6.RELEASE, Spring v5.1.8.RELEASE
2019-06-28 00:31:01.708  INFO 24104 --- [restartedMain] com.tsien.mall.Application               : No active profile set, falling back to default profiles: default
2019-06-28 00:31:01.802  INFO 24104 --- [restartedMain] .e.DevToolsPropertyDefaultsPostProcessor : Devtools property defaults active! Set 'spring.devtools.add-properties' to 'false' to disable
2019-06-28 00:31:01.803  INFO 24104 --- [restartedMain] .e.DevToolsPropertyDefaultsPostProcessor : For additional web related logging consider setting the 'logging.level.web' property to 'DEBUG'
2019-06-28 00:31:04.182  INFO 24104 --- [restartedMain] o.s.b.w.embedded.tomcat.TomcatWebServer  : Tomcat initialized with port(s): 8080 (http)
2019-06-28 00:31:04.259  INFO 24104 --- [restartedMain] o.apache.catalina.core.StandardService   : Starting service [Tomcat]
2019-06-28 00:31:04.260  INFO 24104 --- [restartedMain] org.apache.catalina.core.StandardEngine  : Starting Servlet engine: [Apache Tomcat/9.0.21]
2019-06-28 00:31:04.495  INFO 24104 --- [restartedMain] o.a.c.c.C.[Tomcat].[localhost].[/]       : Initializing Spring embedded WebApplicationContext
2019-06-28 00:31:04.496  INFO 24104 --- [restartedMain] o.s.web.context.ContextLoader            : Root WebApplicationContext: initialization completed in 2692 ms
2019-06-28 00:31:04.628  INFO 24104 --- [restartedMain] c.a.d.s.b.a.DruidDataSourceAutoConfigure : Init DruidDataSource
2019-06-28 00:31:04.931  INFO 24104 --- [restartedMain] com.alibaba.druid.pool.DruidDataSource   : {dataSource-1,druidDatasource} inited
2019-06-28 00:31:05.579  INFO 24104 --- [restartedMain] o.s.s.concurrent.ThreadPoolTaskExecutor  : Initializing ExecutorService 'applicationTaskExecutor'
2019-06-28 00:31:05.809  INFO 24104 --- [restartedMain] o.s.b.a.w.s.WelcomePageHandlerMapping    : Adding welcome page template: index
2019-06-28 00:31:06.043  INFO 24104 --- [restartedMain] o.s.b.d.a.OptionalLiveReloadServer       : LiveReload server is running on port 35729
2019-06-28 00:31:06.179  INFO 24104 --- [restartedMain] o.s.b.w.embedded.tomcat.TomcatWebServer  : Tomcat started on port(s): 8080 (http) with context path ''
2019-06-28 00:31:06.188  INFO 24104 --- [restartedMain] com.tsien.mall.Application               : Started Application in 5.045 seconds (JVM running for 12.895)
2019-06-28 00:33:07.432  INFO 24104 --- [http-nio-8080-exec-1] o.a.c.c.C.[Tomcat].[localhost].[/]       : Initializing Spring DispatcherServlet 'dispatcherServlet'
2019-06-28 00:33:07.433  INFO 24104 --- [http-nio-8080-exec-1] o.s.web.servlet.DispatcherServlet        : Initializing Servlet 'dispatcherServlet'
2019-06-28 00:33:07.442  INFO 24104 --- [http-nio-8080-exec-1] o.s.web.servlet.DispatcherServlet        : Completed initialization in 9 ms
2019-06-28 00:33:07.460  WARN 24104 --- [http-nio-8080-exec-1] .w.s.m.s.DefaultHandlerExceptionResolver : Resolved [org.springframework.web.HttpRequestMethodNotSupportedException: Request method 'POST' not supported]
2019-06-28 00:33:35.195  INFO 24104 --- [Thread-5] o.s.s.concurrent.ThreadPoolTaskExecutor  : Shutting down ExecutorService 'applicationTaskExecutor'
2019-06-28 00:33:35.203  INFO 24104 --- [Thread-5] com.alibaba.druid.pool.DruidDataSource   : {dataSource-1} closed
2019-06-28 00:33:40.891  INFO 24104 --- [restartedMain] com.tsien.mall.Application               : Starting Application on Tsien with PID 24104 (D:\Code\Java\TsienMall\target\classes started by tsien in D:\Code\Java\TsienMall)
2019-06-28 00:33:40.892 DEBUG 24104 --- [restartedMain] com.tsien.mall.Application               : Running with Spring Boot v2.1.6.RELEASE, Spring v5.1.8.RELEASE
2019-06-28 00:33:40.892  INFO 24104 --- [restartedMain] com.tsien.mall.Application               : No active profile set, falling back to default profiles: default
2019-06-28 00:33:41.461  INFO 24104 --- [restartedMain] o.s.b.w.embedded.tomcat.TomcatWebServer  : Tomcat initialized with port(s): 8080 (http)
2019-06-28 00:33:41.463  INFO 24104 --- [restartedMain] o.apache.catalina.core.StandardService   : Starting service [Tomcat]
2019-06-28 00:33:41.464  INFO 24104 --- [restartedMain] org.apache.catalina.core.StandardEngine  : Starting Servlet engine: [Apache Tomcat/9.0.21]
2019-06-28 00:33:41.682  INFO 24104 --- [restartedMain] o.a.c.c.C.[Tomcat].[localhost].[/]       : Initializing Spring embedded WebApplicationContext
2019-06-28 00:33:41.682  INFO 24104 --- [restartedMain] o.s.web.context.ContextLoader            : Root WebApplicationContext: initialization completed in 786 ms
2019-06-28 00:33:41.761  INFO 24104 --- [restartedMain] c.a.d.s.b.a.DruidDataSourceAutoConfigure : Init DruidDataSource
2019-06-28 00:33:41.857  INFO 24104 --- [restartedMain] com.alibaba.druid.pool.DruidDataSource   : {dataSource-2,druidDatasource} inited
2019-06-28 00:33:42.134  INFO 24104 --- [restartedMain] o.s.s.concurrent.ThreadPoolTaskExecutor  : Initializing ExecutorService 'applicationTaskExecutor'
2019-06-28 00:33:42.219  INFO 24104 --- [restartedMain] o.s.b.a.w.s.WelcomePageHandlerMapping    : Adding welcome page template: index
2019-06-28 00:33:42.294  INFO 24104 --- [restartedMain] o.s.b.d.a.OptionalLiveReloadServer       : LiveReload server is running on port 35729
2019-06-28 00:33:42.361  INFO 24104 --- [restartedMain] o.s.b.w.embedded.tomcat.TomcatWebServer  : Tomcat started on port(s): 8080 (http) with context path ''
2019-06-28 00:33:42.362  INFO 24104 --- [restartedMain] com.tsien.mall.Application               : Started Application in 1.521 seconds (JVM running for 169.07)
2019-06-28 00:33:42.365  INFO 24104 --- [restartedMain] .ConditionEvaluationDeltaLoggingListener : Condition evaluation unchanged
2019-06-28 00:33:51.839  INFO 24104 --- [Thread-9] o.s.s.concurrent.ThreadPoolTaskExecutor  : Shutting down ExecutorService 'applicationTaskExecutor'
2019-06-28 00:33:51.842  INFO 24104 --- [Thread-9] com.alibaba.druid.pool.DruidDataSource   : {dataSource-2} closed
2019-06-28 00:33:56.736  INFO 24104 --- [restartedMain] com.tsien.mall.Application               : Starting Application on Tsien with PID 24104 (D:\Code\Java\TsienMall\target\classes started by tsien in D:\Code\Java\TsienMall)
2019-06-28 00:33:56.737 DEBUG 24104 --- [restartedMain] com.tsien.mall.Application               : Running with Spring Boot v2.1.6.RELEASE, Spring v5.1.8.RELEASE
2019-06-28 00:33:56.737  INFO 24104 --- [restartedMain] com.tsien.mall.Application               : No active profile set, falling back to default profiles: default
2019-06-28 00:33:57.120  INFO 24104 --- [restartedMain] o.s.b.w.embedded.tomcat.TomcatWebServer  : Tomcat initialized with port(s): 8080 (http)
2019-06-28 00:33:57.122  INFO 24104 --- [restartedMain] o.apache.catalina.core.StandardService   : Starting service [Tomcat]
2019-06-28 00:33:57.122  INFO 24104 --- [restartedMain] org.apache.catalina.core.StandardEngine  : Starting Servlet engine: [Apache Tomcat/9.0.21]
2019-06-28 00:33:57.209  INFO 24104 --- [restartedMain] o.a.c.c.C.[Tomcat].[localhost].[/]       : Initializing Spring embedded WebApplicationContext
2019-06-28 00:33:57.209  INFO 24104 --- [restartedMain] o.s.web.context.ContextLoader            : Root WebApplicationContext: initialization completed in 465 ms
2019-06-28 00:33:57.240  INFO 24104 --- [restartedMain] c.a.d.s.b.a.DruidDataSourceAutoConfigure : Init DruidDataSource
2019-06-28 00:33:57.322  INFO 24104 --- [restartedMain] com.alibaba.druid.pool.DruidDataSource   : {dataSource-3,druidDatasource} inited
2019-06-28 00:33:57.475  INFO 24104 --- [restartedMain] o.s.s.concurrent.ThreadPoolTaskExecutor  : Initializing ExecutorService 'applicationTaskExecutor'
2019-06-28 00:33:57.508  INFO 24104 --- [restartedMain] o.s.b.a.w.s.WelcomePageHandlerMapping    : Adding welcome page template: index
2019-06-28 00:33:57.552  INFO 24104 --- [restartedMain] o.s.b.d.a.OptionalLiveReloadServer       : LiveReload server is running on port 35729
2019-06-28 00:33:57.583  INFO 24104 --- [restartedMain] o.s.b.w.embedded.tomcat.TomcatWebServer  : Tomcat started on port(s): 8080 (http) with context path ''
2019-06-28 00:33:57.583  INFO 24104 --- [restartedMain] com.tsien.mall.Application               : Started Application in 0.896 seconds (JVM running for 184.29)
2019-06-28 00:33:57.585  INFO 24104 --- [restartedMain] .ConditionEvaluationDeltaLoggingListener : Condition evaluation unchanged
2019-06-28 00:34:00.108  INFO 24104 --- [http-nio-8080-exec-1] o.a.c.c.C.[Tomcat].[localhost].[/]       : Initializing Spring DispatcherServlet 'dispatcherServlet'
2019-06-28 00:34:00.109  INFO 24104 --- [http-nio-8080-exec-1] o.s.web.servlet.DispatcherServlet        : Initializing Servlet 'dispatcherServlet'
2019-06-28 00:34:00.114  INFO 24104 --- [http-nio-8080-exec-1] o.s.web.servlet.DispatcherServlet        : Completed initialization in 5 ms
2019-06-28 00:34:00.118  WARN 24104 --- [http-nio-8080-exec-1] .w.s.m.s.DefaultHandlerExceptionResolver : Resolved [org.springframework.web.HttpRequestMethodNotSupportedException: Request method 'POST' not supported]
2019-06-28 00:34:29.332  INFO 24104 --- [Thread-15] o.s.s.concurrent.ThreadPoolTaskExecutor  : Shutting down ExecutorService 'applicationTaskExecutor'
2019-06-28 00:34:29.334  INFO 24104 --- [Thread-15] com.alibaba.druid.pool.DruidDataSource   : {dataSource-3} closed
2019-06-28 00:34:33.368  INFO 24104 --- [restartedMain] com.tsien.mall.Application               : Starting Application on Tsien with PID 24104 (D:\Code\Java\TsienMall\target\classes started by tsien in D:\Code\Java\TsienMall)
2019-06-28 00:34:33.368 DEBUG 24104 --- [restartedMain] com.tsien.mall.Application               : Running with Spring Boot v2.1.6.RELEASE, Spring v5.1.8.RELEASE
2019-06-28 00:34:33.369  INFO 24104 --- [restartedMain] com.tsien.mall.Application               : No active profile set, falling back to default profiles: default
2019-06-28 00:34:33.743  INFO 24104 --- [restartedMain] o.s.b.w.embedded.tomcat.TomcatWebServer  : Tomcat initialized with port(s): 8080 (http)
2019-06-28 00:34:33.744  INFO 24104 --- [restartedMain] o.apache.catalina.core.StandardService   : Starting service [Tomcat]
2019-06-28 00:34:33.745  INFO 24104 --- [restartedMain] org.apache.catalina.core.StandardEngine  : Starting Servlet engine: [Apache Tomcat/9.0.21]
2019-06-28 00:34:33.832  INFO 24104 --- [restartedMain] o.a.c.c.C.[Tomcat].[localhost].[/]       : Initializing Spring embedded WebApplicationContext
2019-06-28 00:34:33.832  INFO 24104 --- [restartedMain] o.s.web.context.ContextLoader            : Root WebApplicationContext: initialization completed in 461 ms
2019-06-28 00:34:33.870  INFO 24104 --- [restartedMain] c.a.d.s.b.a.DruidDataSourceAutoConfigure : Init DruidDataSource
2019-06-28 00:34:33.924  INFO 24104 --- [restartedMain] com.alibaba.druid.pool.DruidDataSource   : {dataSource-4,druidDatasource} inited
2019-06-28 00:34:34.086  INFO 24104 --- [restartedMain] o.s.s.concurrent.ThreadPoolTaskExecutor  : Initializing ExecutorService 'applicationTaskExecutor'
2019-06-28 00:34:34.150  INFO 24104 --- [restartedMain] o.s.b.a.w.s.WelcomePageHandlerMapping    : Adding welcome page template: index
2019-06-28 00:34:34.204  INFO 24104 --- [restartedMain] o.s.b.d.a.OptionalLiveReloadServer       : LiveReload server is running on port 35729
2019-06-28 00:34:34.251  INFO 24104 --- [restartedMain] o.s.b.w.embedded.tomcat.TomcatWebServer  : Tomcat started on port(s): 8080 (http) with context path ''
2019-06-28 00:34:34.252  INFO 24104 --- [restartedMain] com.tsien.mall.Application               : Started Application in 0.918 seconds (JVM running for 220.959)
2019-06-28 00:34:34.254  INFO 24104 --- [restartedMain] .ConditionEvaluationDeltaLoggingListener : Condition evaluation unchanged
2019-06-28 00:34:40.433  INFO 24104 --- [http-nio-8080-exec-1] o.a.c.c.C.[Tomcat].[localhost].[/]       : Initializing Spring DispatcherServlet 'dispatcherServlet'
2019-06-28 00:34:40.434  INFO 24104 --- [http-nio-8080-exec-1] o.s.web.servlet.DispatcherServlet        : Initializing Servlet 'dispatcherServlet'
2019-06-28 00:34:40.438  INFO 24104 --- [http-nio-8080-exec-1] o.s.web.servlet.DispatcherServlet        : Completed initialization in 4 ms
2019-06-28 00:34:41.708 DEBUG 24104 --- [http-nio-8080-exec-1] c.t.m.d.UserMapper.countUsersByUsername  : ==>  Preparing: select count(1) from mall_user where username = ? 
2019-06-28 00:34:41.728 DEBUG 24104 --- [http-nio-8080-exec-1] c.t.m.d.UserMapper.countUsersByUsername  : ==> Parameters: tsien16(String)
2019-06-28 00:34:42.066 DEBUG 24104 --- [http-nio-8080-exec-1] c.t.m.d.UserMapper.countUsersByUsername  : <==      Total: 1
2019-06-28 00:34:42.070 DEBUG 24104 --- [http-nio-8080-exec-1] c.t.m.dao.UserMapper.countUsersByEmail   : ==>  Preparing: select count(1) from mall_user where email = ? 
2019-06-28 00:34:42.070 DEBUG 24104 --- [http-nio-8080-exec-1] c.t.m.dao.UserMapper.countUsersByEmail   : ==> Parameters: tsien16@qq.com(String)
2019-06-28 00:34:42.132 DEBUG 24104 --- [http-nio-8080-exec-1] c.t.m.dao.UserMapper.countUsersByEmail   : <==      Total: 1
